
xv6 kernel is booting

virtio disk init 0
hart 2 starting
hart 1 starting
page table 0x0000000087f6e000
 ..0: pte 0x0000000021fda801 pa 0x0000000087f6a000
 .. ..0: pte 0x0000000021fda401 pa 0x0000000087f69000
 .. .. ..0: pte 0x0000000021fdac1f pa 0x0000000087f6b000
 .. .. ..1: pte 0x0000000021fda00f pa 0x0000000087f68000
 .. .. ..2: pte 0x0000000021fd9c1f pa 0x0000000087f67000
 ..255: pte 0x0000000021fdb401 pa 0x0000000087f6d000
 .. ..511: pte 0x0000000021fdb001 pa 0x0000000087f6c000
 .. .. ..510: pte 0x0000000021fdd807 pa 0x0000000087f76000
 .. .. ..511: pte 0x000000002000200b pa 0x0000000080008000
init: starting sh
page table 0x0000000087f63000
 ..0: pte 0x0000000021fd7c01 pa 0x0000000087f5f000
 .. ..0: pte 0x0000000021fd7801 pa 0x0000000087f5e000
 .. .. ..0: pte 0x0000000021fd801f pa 0x0000000087f60000
 .. .. ..1: pte 0x0000000021fd741f pa 0x0000000087f5d000
 .. .. ..2: pte 0x0000000021fd700f pa 0x0000000087f5c000
 .. .. ..3: pte 0x0000000021fd6c1f pa 0x0000000087f5b000
 ..255: pte 0x0000000021fd8801 pa 0x0000000087f62000
 .. ..511: pte 0x0000000021fd8401 pa 0x0000000087f61000
 .. .. ..510: pte 0x0000000021fdbc07 pa 0x0000000087f6f000
 .. .. ..511: pte 0x000000002000200b pa 0x0000000080008000
$ usertests
sz 0x0000000000004000
p->sz 0x0000000000014000
page table 0x0000000087f56000
 ..0: pte 0x0000000021fd4801 pa 0x0000000087f52000
 .. ..0: pte 0x0000000021fd4401 pa 0x0000000087f51000
 .. .. ..0: pte 0x0000000021fd4c1f pa 0x0000000087f53000
 .. .. ..1: pte 0x0000000021fd401f pa 0x0000000087f50000
 .. .. ..2: pte 0x0000000021fd3c1f pa 0x0000000087f4f000
 .. .. ..3: pte 0x0000000021fd381f pa 0x0000000087f4e000
 .. .. ..4: pte 0x0000000021fd341f pa 0x0000000087f4d000
 .. .. ..5: pte 0x0000000021fd301f pa 0x0000000087f4c000
 .. .. ..6: pte 0x0000000021fd2c1f pa 0x0000000087f4b000
 .. .. ..7: pte 0x0000000021fd281f pa 0x0000000087f4a000
 .. .. ..8: pte 0x0000000021fd241f pa 0x0000000087f49000
 .. .. ..9: pte 0x0000000021fd201f pa 0x0000000087f48000
 .. .. ..10: pte 0x0000000021fd1c1f pa 0x0000000087f47000
 .. .. ..11: pte 0x0000000021fd181f pa 0x0000000087f46000
 .. .. ..12: pte 0x0000000021fd141f pa 0x0000000087f45000
 .. .. ..13: pte 0x0000000021fd100f pa 0x0000000087f44000
 .. .. ..14: pte 0x0000000021fd0c1f pa 0x0000000087f43000
 ..255: pte 0x0000000021fd5401 pa 0x0000000087f55000
 .. ..511: pte 0x0000000021fd5001 pa 0x0000000087f54000
 .. .. ..510: pte 0x0000000021fd9007 pa 0x0000000087f64000
 .. .. ..511: pte 0x000000002000200b pa 0x0000000080008000
usertests starting
test reparent2: OK
test pgbug: OK
test sbrkbugs: sz 0x000000000000f000
p->sz 0x000000000000f000
sz 0x000000000000f000
p->sz 0x0000000000000000
usertrap(): unexpected scause 0x000000000000000c pid=3207
            sepc=0x0000000000004436 stval=0x0000000000004436
sz 0x000000000000f000
p->sz 0x000000000000f000
sz 0x000000000000f000
p->sz 0x0000000000000dac
usertrap(): unexpected scause 0x000000000000000c pid=3208
            sepc=0x0000000000004436 stval=0x0000000000004436
sz 0x000000000000f000
p->sz 0x000000000000f000
sz 0x000000000000f000
p->sz 0x000000000000a800
sz 0x000000000000a800
p->sz 0x000000000000a7f6
OK
test badarg: OK
test reparent: OK
test twochildren: OK
test forkfork: OK
test forkforkfork: OK
test argptest: sz 0x000000000000f000
p->sz 0x000000000000f000
OK
test createdelete: OK
test linkunlink: OK
test linktest: OK
test unlinkread: OK
test concreate: OK
test subdir: OK
test fourfiles: OK
test sharedfd: OK
test exectest: page table 0x0000000087c80000
 ..0: pte 0x0000000021f23801 pa 0x0000000087c8e000
 .. ..0: pte 0x0000000021f20801 pa 0x0000000087c82000
 .. .. ..0: pte 0x0000000021f24c1f pa 0x0000000087c93000
 .. .. ..1: pte 0x0000000021f20c0f pa 0x0000000087c83000
 .. .. ..2: pte 0x0000000021f2101f pa 0x0000000087c84000
 ..255: pte 0x0000000021f25001 pa 0x0000000087c94000
 .. ..511: pte 0x0000000021f24001 pa 0x0000000087c90000
 .. .. ..510: pte 0x0000000021f19407 pa 0x0000000087c65000
 .. .. ..511: pte 0x000000002000200b pa 0x0000000080008000
OK
test bigargtest: OK
test bigwrite: OK
test bsstest: OK
test sbrkmuch: sz 0x000000000000f000
p->sz 0x000000000000f000
sz 0x000000000000f000
p->sz 0x000000000000f000
sz 0x000000000000f000
p->sz 0x0000000006400000
sz 0x0000000006400000
p->sz 0x0000000006400000
sz 0x0000000006400000
p->sz 0x00000000063ff000
sz 0x00000000063ff000
p->sz 0x00000000063ff000
sz 0x00000000063ff000
p->sz 0x00000000063ff000
sz 0x00000000063ff000
p->sz 0x0000000006400000
sz 0x0000000006400000
p->sz 0x0000000006400000
sz 0x0000000006400000
p->sz 0x0000000006400000
sz 0x0000000006400000
p->sz 0x0000000006400000
sz 0x0000000006400000
p->sz 0x000000000000f000
OK
test kernmem: usertrap(): unexpected scause 0x000000000000000d pid=6184
            sepc=0x0000000000000766 stval=0x0000000080000000
usertrap(): unexpected scause 0x000000000000000d pid=6185
            sepc=0x0000000000000766 stval=0x000000008000c350
usertrap(): unexpected scause 0x000000000000000d pid=6186
            sepc=0x0000000000000766 stval=0x00000000800186a0
usertrap(): unexpected scause 0x000000000000000d pid=6187
            sepc=0x0000000000000766 stval=0x00000000800249f0
usertrap(): unexpected scause 0x000000000000000d pid=6188
            sepc=0x0000000000000766 stval=0x0000000080030d40
usertrap(): unexpected scause 0x000000000000000d pid=6189
            sepc=0x0000000000000766 stval=0x000000008003d090
usertrap(): unexpected scause 0x000000000000000d pid=6190
            sepc=0x0000000000000766 stval=0x00000000800493e0
usertrap(): unexpected scause 0x000000000000000d pid=6191
            sepc=0x0000000000000766 stval=0x0000000080055730
usertrap(): unexpected scause 0x000000000000000d pid=6192
            sepc=0x0000000000000766 stval=0x0000000080061a80
usertrap(): unexpected scause 0x000000000000000d pid=6193
            sepc=0x0000000000000766 stval=0x000000008006ddd0
usertrap(): unexpected scause 0x000000000000000d pid=6194
            sepc=0x0000000000000766 stval=0x000000008007a120
usertrap(): unexpected scause 0x000000000000000d pid=6195
            sepc=0x0000000000000766 stval=0x0000000080086470
usertrap(): unexpected scause 0x000000000000000d pid=6196
            sepc=0x0000000000000766 stval=0x00000000800927c0
usertrap(): unexpected scause 0x000000000000000d pid=6197
            sepc=0x0000000000000766 stval=0x000000008009eb10
usertrap(): unexpected scause 0x000000000000000d pid=6198
            sepc=0x0000000000000766 stval=0x00000000800aae60
usertrap(): unexpected scause 0x000000000000000d pid=6199
            sepc=0x0000000000000766 stval=0x00000000800b71b0
usertrap(): unexpected scause 0x000000000000000d pid=6200
            sepc=0x0000000000000766 stval=0x00000000800c3500
usertrap(): unexpected scause 0x000000000000000d pid=6201
            sepc=0x0000000000000766 stval=0x00000000800cf850
usertrap(): unexpected scause 0x000000000000000d pid=6202
            sepc=0x0000000000000766 stval=0x00000000800dbba0
usertrap(): unexpected scause 0x000000000000000d pid=6203
            sepc=0x0000000000000766 stval=0x00000000800e7ef0
usertrap(): unexpected scause 0x000000000000000d pid=6204
            sepc=0x0000000000000766 stval=0x00000000800f4240
usertrap(): unexpected scause 0x000000000000000d pid=6205
            sepc=0x0000000000000766 stval=0x0000000080100590
usertrap(): unexpected scause 0x000000000000000d pid=6206
            sepc=0x0000000000000766 stval=0x000000008010c8e0
usertrap(): unexpected scause 0x000000000000000d pid=6207
            sepc=0x0000000000000766 stval=0x0000000080118c30
usertrap(): unexpected scause 0x000000000000000d pid=6208
            sepc=0x0000000000000766 stval=0x0000000080124f80
usertrap(): unexpected scause 0x000000000000000d pid=6209
            sepc=0x0000000000000766 stval=0x00000000801312d0
usertrap(): unexpected scause 0x000000000000000d pid=6210
            sepc=0x0000000000000766 stval=0x000000008013d620
usertrap(): unexpected scause 0x000000000000000d pid=6211
            sepc=0x0000000000000766 stval=0x0000000080149970
usertrap(): unexpected scause 0x000000000000000d pid=6212
            sepc=0x0000000000000766 stval=0x0000000080155cc0
usertrap(): unexpected scause 0x000000000000000d pid=6213
            sepc=0x0000000000000766 stval=0x0000000080162010
usertrap(): unexpected scause 0x000000000000000d pid=6214
            sepc=0x0000000000000766 stval=0x000000008016e360
usertrap(): unexpected scause 0x000000000000000d pid=6215
            sepc=0x0000000000000766 stval=0x000000008017a6b0
usertrap(): unexpected scause 0x000000000000000d pid=6216
            sepc=0x0000000000000766 stval=0x0000000080186a00
usertrap(): unexpected scause 0x000000000000000d pid=6217
            sepc=0x0000000000000766 stval=0x0000000080192d50
usertrap(): unexpected scause 0x000000000000000d pid=6218
            sepc=0x0000000000000766 stval=0x000000008019f0a0
usertrap(): unexpected scause 0x000000000000000d pid=6219
            sepc=0x0000000000000766 stval=0x00000000801ab3f0
usertrap(): unexpected scause 0x000000000000000d pid=6220
            sepc=0x0000000000000766 stval=0x00000000801b7740
usertrap(): unexpected scause 0x000000000000000d pid=6221
            sepc=0x0000000000000766 stval=0x00000000801c3a90
usertrap(): unexpected scause 0x000000000000000d pid=6222
            sepc=0x0000000000000766 stval=0x00000000801cfde0
usertrap(): unexpected scause 0x000000000000000d pid=6223
            sepc=0x0000000000000766 stval=0x00000000801dc130
OK
test sbrkfail: sz 0x000000000000f000
p->sz 0x000000000000f000
sz 0x000000000000f000
p->sz 0x0000000006400000
sz 0x000000000000f000
p->sz 0x000000000000f000
sz 0x000000000000f000
p->sz 0x0000000006400000
sz 0x000000000000f000
p->sz 0x000000000000f000
sz 0x000000000000f000
p->sz 0x0000000006400000
sz 0x000000000000f000
p->sz 0x000000000000f000
sz 0x000000000000f000
p->sz 0x0000000006400000
sz 0x000000000000f000
p->sz 0x000000000000f000
sz 0x000000000000f000
p->sz 0x0000000006400000
sz 0x000000000000f000
p->sz 0x000000000000f000
sz 0x000000000000f000
p->sz 0x0000000006400000
sz 0x000000000000f000
p->sz 0x000000000000f000
sz 0x000000000000f000
p->sz 0x0000000006400000
sz 0x000000000000f000
p->sz 0x000000000000f000
sz 0x000000000000f000
p->sz 0x0000000006400000
sz 0x000000000000f000
p->sz 0x000000000000f000
sz 0x000000000000f000
p->sz 0x0000000006400000
sz 0x000000000000f000
p->sz 0x000000000000f000
sz 0x000000000000f000
p->sz 0x0000000006400000
sz 0x000000000000f000
p->sz 0x0000000000010000
sz 0x0000000000010000
p->sz 0x0000000000010000
sz 0x0000000000010000
p->sz 0x000000003e810000
usertrap(): unexpected scause 0x000000000000000d pid=6235
            sepc=0x00000000000037ce stval=0x0000000007ec5000
OK
test sbrkarg: sz 0x000000000000f000
p->sz 0x0000000000010000
sz 0x0000000000010000
p->sz 0x0000000000011000
OK
test validatetest: OK
test stacktest: OK
test opentest: OK
test writetest: OK
test writebig: OK
test createtest: OK
test openiput: OK
test exitiput: OK
test iput: OK
test pipe1: OK
test preempt: kill... wait... OK
test exitwait: OK
test rmdot: OK
test fourteen: OK
test bigfile: OK
test dirfile: OK
test iref: OK
test forktest: OK
test bigdir: OK
ALL TESTS PASSED
$ qemu-system-riscv64: terminating on signal 15 from pid 908 (make)
